0 info it worked if it ends with ok
1 verbose cli [ 'node',
1 verbose cli   '/home/ankit/.npm-packages/bin/npm',
1 verbose cli   'install',
1 verbose cli   '--save',
1 verbose cli   'ngResource' ]
2 info using npm@2.3.0
3 info using node@v0.10.36
4 warn package.json path@0.11.14 path is also the name of a node core module.
5 silly cache add args [ 'ngResource', null ]
6 verbose cache add spec ngResource
7 silly cache add parsed spec { raw: 'ngResource',
7 silly cache add   scope: null,
7 silly cache add   name: 'ngResource',
7 silly cache add   rawSpec: '',
7 silly cache add   spec: '*',
7 silly cache add   type: 'range' }
8 verbose addNamed ngResource@*
9 silly addNamed semver.valid null
10 silly addNamed semver.validRange *
11 silly addNameRange { name: 'ngResource', range: '*', hasData: false }
12 silly mapToRegistry name ngResource
13 silly mapToRegistry using default registry
14 silly mapToRegistry registry https://registry.npmjs.org/
15 silly mapToRegistry uri https://registry.npmjs.org/ngResource
16 verbose addNameRange registry:https://registry.npmjs.org/ngResource not in flight; fetching
17 verbose request uri https://registry.npmjs.org/ngResource
18 verbose request no auth needed
19 info attempt registry request try #1 at 11:25:12
20 verbose request id cf9aaf18673fdafd
21 http request GET https://registry.npmjs.org/ngResource
22 http 404 https://registry.npmjs.org/ngResource
23 verbose headers { server: 'CouchDB/1.5.0 (Erlang OTP/R16B03)',
23 verbose headers   'content-type': 'application/json',
23 verbose headers   'cache-control': 'max-age=0',
23 verbose headers   'content-length': '51',
23 verbose headers   'accept-ranges': 'bytes',
23 verbose headers   date: 'Fri, 17 Jul 2015 09:25:13 GMT',
23 verbose headers   via: '1.1 varnish',
23 verbose headers   age: '0',
23 verbose headers   connection: 'keep-alive',
23 verbose headers   'x-served-by': 'cache-fra1224-FRA',
23 verbose headers   'x-cache': 'MISS',
23 verbose headers   'x-cache-hits': '0',
23 verbose headers   'x-timer': 'S1437125113.255441,VS0,VE107' }
24 silly get cb [ 404,
24 silly get   { server: 'CouchDB/1.5.0 (Erlang OTP/R16B03)',
24 silly get     'content-type': 'application/json',
24 silly get     'cache-control': 'max-age=0',
24 silly get     'content-length': '51',
24 silly get     'accept-ranges': 'bytes',
24 silly get     date: 'Fri, 17 Jul 2015 09:25:13 GMT',
24 silly get     via: '1.1 varnish',
24 silly get     age: '0',
24 silly get     connection: 'keep-alive',
24 silly get     'x-served-by': 'cache-fra1224-FRA',
24 silly get     'x-cache': 'MISS',
24 silly get     'x-cache-hits': '0',
24 silly get     'x-timer': 'S1437125113.255441,VS0,VE107' } ]
25 verbose stack Error: 404 Not Found: ngResource
25 verbose stack     at CachingRegistryClient.<anonymous> (/home/ankit/.npm-packages/lib/node_modules/npm/node_modules/npm-registry-client/lib/request.js:251:14)
25 verbose stack     at Request._callback (/home/ankit/.npm-packages/lib/node_modules/npm/node_modules/npm-registry-client/lib/request.js:178:14)
25 verbose stack     at Request.self.callback (/home/ankit/.npm-packages/lib/node_modules/npm/node_modules/npm-registry-client/node_modules/request/request.js:373:22)
25 verbose stack     at Request.emit (events.js:98:17)
25 verbose stack     at Request.<anonymous> (/home/ankit/.npm-packages/lib/node_modules/npm/node_modules/npm-registry-client/node_modules/request/request.js:1318:14)
25 verbose stack     at Request.emit (events.js:117:20)
25 verbose stack     at IncomingMessage.<anonymous> (/home/ankit/.npm-packages/lib/node_modules/npm/node_modules/npm-registry-client/node_modules/request/request.js:1266:12)
25 verbose stack     at IncomingMessage.emit (events.js:117:20)
25 verbose stack     at _stream_readable.js:944:16
25 verbose stack     at process._tickCallback (node.js:442:13)
26 verbose statusCode 404
27 verbose pkgid ngResource
28 verbose cwd /home/ankit/mnt/Node and Angular/Almost50/LocalShadeFront
29 error Linux 3.13.0-48-generic
30 error argv "node" "/home/ankit/.npm-packages/bin/npm" "install" "--save" "ngResource"
31 error node v0.10.36
32 error npm  v2.3.0
33 error code E404
34 error 404 Not Found: ngResource
34 error 404
34 error 404 'ngResource' is not in the npm registry.
34 error 404 You should bug the author to publish it (or use the name yourself!)
34 error 404 It was specified as a dependency of 'LocalShade'
34 error 404
34 error 404 Note that you can also install from a
34 error 404 tarball, folder, http url, or git url.
35 verbose exit [ 1, true ]
